Flutter crash report.
Please report a bug at https://github.com/flutter/flutter/issues.

## command

flutter debug_adapter

## exception

FileSystemException: FileSystemException: writeFrom failed, path = '' (OS Error: Broken pipe, errno = 32)

```
#0      _checkForErrorResponse (dart:io/common.dart:58:9)
#1      _RandomAccessFile.writeFrom.<anonymous closure> (dart:io/file_impl.dart:1000:7)
#2      _rootRunUnary (dart:async/zone.dart:1538:47)
<asynchronous suspension>
#3      _FileStreamConsumer.addStream.<anonymous closure>.<anonymous closure>.<anonymous closure> (dart:io/file_impl.dart:237:27)
<asynchronous suspension>
```

## flutter doctor

```
[!] Flutter (Channel stable, 3.32.6, on macOS 26.0.1 25A362 darwin-arm64, locale en-IN) [3.0s]
    • Flutter version 3.32.6 on channel stable at /Users/sky/Soft/flutter
    • Upstream repository https://github.com/flutter/flutter.git
    • Framework revision 077b4a4ce1 (4 months ago), 2025-07-08 13:31:08 -0700
    • Engine revision 72f2b18bb0
    • Dart version 3.8.1
    • DevTools version 2.45.1
    ✗ Downloaded executables cannot execute on host.
      See https://github.com/flutter/flutter/issues/6207 for more information.
      Flutter requires the Rosetta translation environment on ARM Macs. Try running:
        sudo softwareupdate --install-rosetta --agree-to-license

    • If those were intentional, you can disregard the above warnings; however it is recommended to use "git" directly to perform update checks and upgrades.

[!] Android toolchain - develop for Android devices (Android SDK version 34.0.0) [2.7s]
    • Android SDK at /Users/sky/Library/Android/sdk
    • Platform android-35, build-tools 34.0.0
    • ANDROID_HOME = /Users/sky/Library/Android/sdk
    • Java binary at: /Applications/Android Studio.app/Contents/jbr/Contents/Home/bin/java
      This is the JDK bundled with the latest Android Studio installation on this machine.
      To manually set the JDK path, use: `flutter config --jdk-dir="path/to/jdk"`.
    • Java version OpenJDK Runtime Environment (build 17.0.7+0-17.0.7b1000.6-10550314)
    ! Some Android licenses not accepted. To resolve this, run: flutter doctor --android-licenses

[!] Xcode - develop for iOS and macOS (Xcode 26.0) [3.1s]
    • Xcode at /Applications/Xcode.app/Contents/Developer
    • Build 17A324
    ✗ Unable to get list of installed Simulator runtimes.
    ! CocoaPods 1.15.2 out of date (1.16.2 is recommended).
        CocoaPods is a package manager for iOS or macOS platform code.
        Without CocoaPods, plugins will not work on iOS or macOS.
        For more info, see https://flutter.dev/to/platform-plugins
      To update CocoaPods, see https://guides.cocoapods.org/using/getting-started.html#updating-cocoapods

[✓] Chrome - develop for the web [12ms]
    • Chrome at /Applications/Google Chrome.app/Contents/MacOS/Google Chrome

[✓] Android Studio (version 2023.1) [11ms]
    • Android Studio at /Applications/Android Studio.app/Contents
    • Flutter plugin can be installed from:
      🔨 https://plugins.jetbrains.com/plugin/9212-flutter
    • Dart plugin can be installed from:
      🔨 https://plugins.jetbrains.com/plugin/6351-dart
    • Java version OpenJDK Runtime Environment (build 17.0.7+0-17.0.7b1000.6-10550314)

[✓] VS Code (version 1.105.1) [10ms]
    • VS Code at /Applications/Visual Studio Code.app/Contents
    • Flutter extension version 3.120.0

[✓] Connected device (3 available) [6.9s]
    • 24066PC95I (mobile) • 44d9daa • android-arm64  • Android 15 (API 35)
    • macOS (desktop)     • macos   • darwin-arm64   • macOS 26.0.1 25A362 darwin-arm64
    • Chrome (web)        • chrome  • web-javascript • Google Chrome 141.0.7390.123
    ! Error: Browsing on the local area network for AKASH’s iPhone. Ensure the device is unlocked and attached with a cable or associated with the same local area network as this Mac.
      The device must be opted into Developer Mode to connect wirelessly. (code -27)

[✓] Network resources [1,264ms]
    • All expected network resources are available.

! Doctor found issues in 3 categories.
```
